<?xml version="1.0" encoding="UTF-8"?>
<!-- Generated by org.testng.reporters.JUnitXMLReporter -->
<testsuite ignored="1" hostname="DESKTOP-JEUNI11" failures="0" tests="2" name="Surefire test" time="10.985" errors="0" timestamp="2020-12-27T20:38:18 EET">
  <testcase classname="org.example.TestBase" name="@BeforeMethod closePrivacyPopUp" time="10.964">
    <failure type="com.codeborne.selenide.ex.ElementNotFound" message="Element not found {By.xpath: /hierarchy/android.widget.FrameLayout/android.widget.LinearLayout}
Expected: be visible
Screenshot: file:/C:/Users/Denis/Desktop/Java/Java%20projects/AppiumAndroidTesting/build/reports/tests/1609094297285.0.png
Page source: file:/C:/Users/Denis/Desktop/Java/Java%20projects/AppiumAndroidTesting/build/reports/tests/1609094297285.0.html
Timeout: 4 s.
Caused by: NoSuchElementException: An element could not be located on the page using the given search parameters.">
      <![CDATA[Element not found {By.xpath: /hierarchy/android.widget.FrameLayout/android.widget.LinearLayout}
Expected: be visible
Screenshot: file:/C:/Users/Denis/Desktop/Java/Java%20projects/AppiumAndroidTesting/build/reports/tests/1609094297285.0.png
Page source: file:/C:/Users/Denis/Desktop/Java/Java%20projects/AppiumAndroidTesting/build/reports/tests/1609094297285.0.html
Timeout: 4 s.
Caused by: NoSuchElementException: An element could not be located on the page using the given search parameters.
at com.codeborne.selenide.impl.WebElementSource.createElementNotFoundError(WebElementSource.java:56)
at com.codeborne.selenide.impl.ElementFinder.createElementNotFoundError(ElementFinder.java:136)
at com.codeborne.selenide.impl.WebElementSource.checkCondition(WebElementSource.java:87)
at com.codeborne.selenide.commands.Should.execute(Should.java:30)
at com.codeborne.selenide.commands.Should.execute(Should.java:14)
at com.codeborne.selenide.commands.Commands.execute(Commands.java:153)
at com.codeborne.selenide.impl.SelenideElementProxy.dispatchAndRetry(SelenideElementProxy.java:124)
at com.codeborne.selenide.impl.SelenideElementProxy.invoke(SelenideElementProxy.java:76)
at com.sun.proxy.$Proxy7.should(Unknown Source)
at org.example.TestBase.closePrivacyPopUp(TestBase.java:29)
at java.base/java.util.ArrayList.forEach(ArrayList.java:1540)
Caused by: org.openqa.selenium.NoSuchElementException: An element could not be located on the page using the given search parameters.
For documentation on this error, please visit: https://www.seleniumhq.org/exceptions/no_such_element.html
Build info: version: '3.141.59', revision: 'e82be7d358', time: '2018-11-14T08:17:03'
System info: host: 'DESKTOP-JEUNI11', ip: '192.168.0.101', os.name: 'Windows 10', os.arch: 'amd64', os.version: '10.0', java.version: '11.0.6'
Driver info: io.appium.java_client.android.AndroidDriver
Capabilities {app: D:\calculator.apk, appPackage: com.miui.calculator, automationName: Appium, databaseEnabled: false, desired: {app: D:\calculator.apk, automationName: Appium, deviceName: Android Emulator, platformName: android, platformVersion: 11.0}, deviceApiLevel: 30, deviceManufacturer: Google, deviceModel: sdk_gphone_x86_arm, deviceName: emulator-5554, deviceScreenDensity: 560, deviceScreenSize: 1440x3040, deviceUDID: emulator-5554, javascriptEnabled: true, locationContextEnabled: false, networkConnectionEnabled: true, pixelRatio: 3.5, platform: LINUX, platformName: Android, platformVersion: 11, statBarHeight: 172, takesScreenshot: true, viewportRect: {height: 2529, left: 0, top: 172, width: 1440}, warnings: {}, webStorageEnabled: false}
Session ID: 0429bcd8-2255-40b9-ba16-31a6024c1b1b
*** Element info: {Using=xpath, value=/hierarchy/android.widget.FrameLayout/android.widget.LinearLayout}
at org.openqa.selenium.remote.http.W3CHttpResponseCodec.createException(W3CHttpResponseCodec.java:187)
at org.openqa.selenium.remote.http.W3CHttpResponseCodec.decode(W3CHttpResponseCodec.java:122)
at org.openqa.selenium.remote.http.W3CHttpResponseCodec.decode(W3CHttpResponseCodec.java:49)
at org.openqa.selenium.remote.HttpCommandExecutor.execute(HttpCommandExecutor.java:158)
at io.appium.java_client.remote.AppiumCommandExecutor.execute(AppiumCommandExecutor.java:247)
at org.openqa.selenium.remote.RemoteWebDriver.execute(RemoteWebDriver.java:552)
at io.appium.java_client.DefaultGenericMobileDriver.execute(DefaultGenericMobileDriver.java:41)
at io.appium.java_client.AppiumDriver.execute(AppiumDriver.java:1)
at io.appium.java_client.android.AndroidDriver.execute(AndroidDriver.java:1)
at org.openqa.selenium.remote.RemoteWebDriver.findElement(RemoteWebDriver.java:323)
at io.appium.java_client.DefaultGenericMobileDriver.findElement(DefaultGenericMobileDriver.java:61)
at io.appium.java_client.AppiumDriver.findElement(AppiumDriver.java:1)
at io.appium.java_client.android.AndroidDriver.findElement(AndroidDriver.java:1)
at org.openqa.selenium.remote.RemoteWebDriver.findElementByXPath(RemoteWebDriver.java:428)
at io.appium.java_client.DefaultGenericMobileDriver.findElementByXPath(DefaultGenericMobileDriver.java:151)
at io.appium.java_client.AppiumDriver.findElementByXPath(AppiumDriver.java:1)
at io.appium.java_client.android.AndroidDriver.findElementByXPath(AndroidDriver.java:1)
at org.openqa.selenium.By$ByXPath.findElement(By.java:353)
at org.openqa.selenium.remote.RemoteWebDriver.findElement(RemoteWebDriver.java:315)
at io.appium.java_client.DefaultGenericMobileDriver.findElement(DefaultGenericMobileDriver.java:57)
at io.appium.java_client.AppiumDriver.findElement(AppiumDriver.java:1)
at io.appium.java_client.android.AndroidDriver.findElement(AndroidDriver.java:1)
at com.codeborne.selenide.impl.WebElementSelector.findElement(WebElementSelector.java:65)
at com.codeborne.selenide.impl.WebElementSelector.findElement(WebElementSelector.java:40)
at com.codeborne.selenide.impl.ElementFinder.getWebElement(ElementFinder.java:104)
at com.codeborne.selenide.impl.WebElementSource.checkCondition(WebElementSource.java:72)
... 44 more
... Removed 40 stack frames]]>
    </failure>
  </testcase> <!-- @BeforeMethod closePrivacyPopUp -->
  <testcase classname="org.example.TestBase" name="@AfterMethod closeWebDriver" time="-1.609094298191E9">
    <skipped/>
  </testcase> <!-- @AfterMethod closeWebDriver -->
  <testcase classname="org.example.TestBase" name="@BeforeMethod closePrivacyPopUp" time="-1.609094298191E9">
    <skipped/>
  </testcase> <!-- @BeforeMethod closePrivacyPopUp -->
  <testcase classname="org.example.TestBase" name="@AfterMethod closeWebDriver" time="-1.609094298192E9">
    <skipped/>
  </testcase> <!-- @AfterMethod closeWebDriver -->
  <testcase classname="org.example.MainScreenTest" name="verifyOfSumming" time="0.0">
    <skipped/>
  </testcase> <!-- verifyOfSumming -->
  <testcase classname="org.example.MainScreenTest" name="verifyTopNavigation" time="0.0">
    <skipped/>
  </testcase> <!-- verifyTopNavigation -->
  <testcase classname="org.example.TestBase" name="@BeforeSuite initTestSuite" time="0.0">
    <ignored/>
  </testcase> <!-- @BeforeSuite initTestSuite -->
</testsuite> <!-- Surefire test -->
